<?xml version="1.0" encoding="UTF-8"?>
<!-- Generated by org.testng.reporters.JUnitReportReporter -->
<testsuite hostname="sky-aeldiddy" failures="0" tests="1" name="tests.Hometest" time="0.005" errors="0" timestamp="2023-01-22T14:08:20 EET" skipped="0">
  <testcase classname="tests.Hometest" name="test" time="0.005"/>
  <system-out/>
</testsuite> <!-- tests.Hometest -->
