<?xml version="1.0" encoding="UTF-8"?>
<!-- Generated by org.testng.reporters.JUnitReportReporter -->
<testsuite hostname="sky-aeldiddy" failures="0" tests="1" name="tests.Registertest" time="1.530" errors="0" timestamp="2023-06-15T00:17:56 AST" skipped="0">
  <testcase classname="tests.Registertest" name="userregistertest" time="1.530"/>
  <system-out/>
</testsuite> <!-- tests.Registertest -->
