<?xml version="1.0" encoding="UTF-8"?>
<!-- Generated by org.testng.reporters.JUnitReportReporter -->
<testsuite hostname="sky-aeldiddy" failures="0" tests="1" name="tests.Logintest" time="1.629" errors="0" timestamp="2023-06-15T00:17:56 AST" skipped="0">
  <testcase classname="tests.Logintest" name="userlogintest" time="1.629"/>
  <system-out/>
</testsuite> <!-- tests.Logintest -->
