<?xml version="1.0" encoding="UTF-8"?>
<!-- Generated by org.testng.reporters.JUnitReportReporter -->
<testsuite hostname="sky-aeldiddy" failures="0" tests="1" name="tests.Contacttest" time="1.097" errors="0" timestamp="2023-06-15T00:18:47 AST" skipped="0">
  <testcase classname="tests.Contacttest" name="usertestcon" time="1.097"/>
  <system-out/>
</testsuite> <!-- tests.Contacttest -->
