<?xml version="1.0" encoding="UTF-8"?>
<!-- Generated by org.testng.reporters.JUnitReportReporter -->
<testsuite hostname="sky-aeldiddy" failures="0" tests="1" name="tests.Searchtest" time="1.707" errors="0" timestamp="2023-06-16T06:25:45 AST" skipped="0">
  <testcase classname="tests.Searchtest" name="usersearchtest" time="1.707"/>
  <system-out/>
</testsuite> <!-- tests.Searchtest -->
