<?xml version="1.0" encoding="UTF-8"?>
<!-- Generated by org.testng.reporters.JUnitReportReporter -->
<testsuite hostname="sky-aeldiddy" failures="0" tests="1" name="tests.Hovertest" time="1.142" errors="0" timestamp="2023-06-16T06:25:45 AST" skipped="0">
  <testcase classname="tests.Hovertest" name="userhovertest" time="1.142"/>
  <system-out/>
</testsuite> <!-- tests.Hovertest -->
