<?xml version="1.0" encoding="UTF-8"?>
<!-- Generated by org.testng.reporters.JUnitReportReporter -->
<testsuite hostname="sky-aeldiddy" failures="0" tests="1" name="tests.Addtocarttest" time="3.999" errors="0" timestamp="2023-06-15T00:19:45 AST" skipped="0">
  <testcase classname="tests.Addtocarttest" name="useraddcarttest" time="3.999"/>
  <system-out/>
</testsuite> <!-- tests.Addtocarttest -->
