<?xml version="1.0" encoding="UTF-8"?>
<!-- Generated by org.testng.reporters.JUnitReportReporter -->
<testsuite hostname="sky-aeldiddy" failures="0" tests="1" name="tests.Contacttest" time="1.044" errors="0" timestamp="2023-06-16T07:45:48 AST" skipped="0">
  <testcase classname="tests.Contacttest" name="usertestcon" time="1.044"/>
  <system-out/>
</testsuite> <!-- tests.Contacttest -->
