<?xml version="1.0" encoding="UTF-8"?>
<!-- Generated by org.testng.reporters.JUnitReportReporter -->
<testsuite hostname="sky-aeldiddy" failures="0" tests="1" name="tests.Hovertest" time="0.884" errors="0" timestamp="2023-06-16T07:45:48 AST" skipped="0">
  <testcase classname="tests.Hovertest" name="userhovertest" time="0.884"/>
  <system-out/>
</testsuite> <!-- tests.Hovertest -->
