<?xml version="1.0" encoding="UTF-8"?>
<!-- Generated by org.testng.reporters.JUnitReportReporter -->
<testsuite hostname="sky-aeldiddy" failures="0" tests="1" name="tests.Search2test" time="3.902" errors="0" timestamp="2023-06-16T07:45:48 AST" skipped="0">
  <testcase classname="tests.Search2test" name="usersearch2" time="3.902"/>
  <system-out/>
</testsuite> <!-- tests.Search2test -->
